Arguments: 
  E:\Kit\NODE.JS\node.exe C:\Users\Calin\AppData\Local\node\corepack\yarn\1.22.19\bin\yarn.js add ethers@5.7.2

PATH: 
  C:\Program Files (x86)\Razer Chroma SDK\bin;C:\Program Files\Razer Chroma SDK\bin;C:\Program Files (x86)\Razer\ChromaBroadcast\bin;C:\Program Files\Razer\ChromaBroadcast\bin;C:\Python310\Scripts\;C:\Python310\;C:\Windows\system32;C:\Windows;C:\Windows\System32\Wbem;C:\Windows\System32\WindowsPowerShell\v1.0\;C:\Windows\System32\OpenSSH\;C:\Program Files (x86)\NVIDIA Corporation\PhysX\Common;C:\ProgramData\chocolatey\bin;E:\Kit\NODE.JS\;C:\Windows\system32\config\systemprofile\AppData\Local\Microsoft\WindowsApps;C:\Program Files\NVIDIA Corporation\NVIDIA NvDLISR;C:\Program Files\Git\cmd;C:\Users\Calin\AppData\Local\Microsoft\WindowsApps;;E:\Kit\Microsoft VS Code\bin;C:\Users\Calin\AppData\Roaming\npm

Yarn version: 
  1.22.19

Node version: 
  16.16.0

Platform: 
  win32 x64

Trace: 
  Error: EPERM: operation not permitted, unlink 'E:\Internship BC tutorial\Hardhat-FM\node_modules\@nomicfoundation\solidity-analyzer-win32-x64-msvc\solidity-analyzer.win32-x64-msvc.node'

npm manifest: 
  {
    "name": "Hardhat-FM",
    "version": "1.0.0",
    "main": "index.js",
    "license": "MIT",
    "devDependencies": {
      "@nomicfoundation/hardhat-toolbox": "^3.0.0",
      "@nomiclabs/hardhat-solhint": "^3.0.1",
      "hardhat": "^2.17.3"
    },
    "dependencies": {
      "solhint": "^3.6.2"
    }
  }

yarn manifest: 
  No manifest

Lockfile: 
  No lockfile
